C:\Users\bjorn\source\repos\ClearSkiesWebAPI\ClearSkiesWebAPI\app\StdSporsmaal.js
C:\Users\bjorn\source\repos\ClearSkiesWebAPI\ClearSkiesWebAPI\app\StdSporsmaal.js.map
C:\Users\bjorn\source\repos\ClearSkiesWebAPI\ClearSkiesWebAPI\app\app.module.js
C:\Users\bjorn\source\repos\ClearSkiesWebAPI\ClearSkiesWebAPI\app\app.module.js.map
C:\Users\bjorn\source\repos\ClearSkiesWebAPI\ClearSkiesWebAPI\app\main.js
C:\Users\bjorn\source\repos\ClearSkiesWebAPI\ClearSkiesWebAPI\app\main.js.map
C:\Users\bjorn\source\repos\ClearSkiesWebAPI\ClearSkiesWebAPI\app\StdSporsmaal.js
C:\Users\bjorn\source\repos\ClearSkiesWebAPI\ClearSkiesWebAPI\app\StdSporsmaal.js.map
C:\Users\bjorn\source\repos\ClearSkiesWebAPI\ClearSkiesWebAPI\app\app.module.js
C:\Users\bjorn\source\repos\ClearSkiesWebAPI\ClearSkiesWebAPI\app\app.module.js.map
C:\Users\bjorn\source\repos\ClearSkiesWebAPI\ClearSkiesWebAPI\app\main.js
C:\Users\bjorn\source\repos\ClearSkiesWebAPI\ClearSkiesWebAPI\app\main.js.map
C:\Users\bjorn\source\repos\ClearSkiesWebAPI\ClearSkiesWebAPI\app\StdSporsmaal.js
C:\Users\bjorn\source\repos\ClearSkiesWebAPI\ClearSkiesWebAPI\app\StdSporsmaal.js.map
C:\Users\bjorn\source\repos\ClearSkiesWebAPI\ClearSkiesWebAPI\app\app.module.js
C:\Users\bjorn\source\repos\ClearSkiesWebAPI\ClearSkiesWebAPI\app\app.module.js.map
C:\Users\bjorn\source\repos\ClearSkiesWebAPI\ClearSkiesWebAPI\app\main.js
C:\Users\bjorn\source\repos\ClearSkiesWebAPI\ClearSkiesWebAPI\app\main.js.map
C:\Users\bjorn\source\repos\ClearSkiesWebAPI\ClearSkiesWebAPI\app\StdSporsmaal.js
C:\Users\bjorn\source\repos\ClearSkiesWebAPI\ClearSkiesWebAPI\app\StdSporsmaal.js.map
C:\Users\bjorn\source\repos\ClearSkiesWebAPI\ClearSkiesWebAPI\app\StdSpmSide.js
C:\Users\bjorn\source\repos\ClearSkiesWebAPI\ClearSkiesWebAPI\app\StdSpmSide.js.map
C:\Users\bjorn\source\repos\ClearSkiesWebAPI\ClearSkiesWebAPI\app\app.module.js
C:\Users\bjorn\source\repos\ClearSkiesWebAPI\ClearSkiesWebAPI\app\app.module.js.map
C:\Users\bjorn\source\repos\ClearSkiesWebAPI\ClearSkiesWebAPI\app\main.js
C:\Users\bjorn\source\repos\ClearSkiesWebAPI\ClearSkiesWebAPI\app\main.js.map
C:\Users\bjorn\source\repos\ClearSkiesWebAPI\ClearSkiesWebAPI\app\StdSporsmaal.js
C:\Users\bjorn\source\repos\ClearSkiesWebAPI\ClearSkiesWebAPI\app\StdSporsmaal.js.map
C:\Users\bjorn\source\repos\ClearSkiesWebAPI\ClearSkiesWebAPI\app\StdSpmSide.js
C:\Users\bjorn\source\repos\ClearSkiesWebAPI\ClearSkiesWebAPI\app\StdSpmSide.js.map
C:\Users\bjorn\source\repos\ClearSkiesWebAPI\ClearSkiesWebAPI\app\app.module.js
C:\Users\bjorn\source\repos\ClearSkiesWebAPI\ClearSkiesWebAPI\app\app.module.js.map
C:\Users\bjorn\source\repos\ClearSkiesWebAPI\ClearSkiesWebAPI\app\main.js
C:\Users\bjorn\source\repos\ClearSkiesWebAPI\ClearSkiesWebAPI\app\main.js.map
C:\Users\bjorn\source\repos\ClearSkiesWebAPI\ClearSkiesWebAPI\app\StdSporsmaal.js
C:\Users\bjorn\source\repos\ClearSkiesWebAPI\ClearSkiesWebAPI\app\StdSporsmaal.js.map
C:\Users\bjorn\source\repos\ClearSkiesWebAPI\ClearSkiesWebAPI\app\StdSpmSide.js
C:\Users\bjorn\source\repos\ClearSkiesWebAPI\ClearSkiesWebAPI\app\StdSpmSide.js.map
C:\Users\bjorn\source\repos\ClearSkiesWebAPI\ClearSkiesWebAPI\app\app.module.js
C:\Users\bjorn\source\repos\ClearSkiesWebAPI\ClearSkiesWebAPI\app\app.module.js.map
C:\Users\bjorn\source\repos\ClearSkiesWebAPI\ClearSkiesWebAPI\app\main.js
C:\Users\bjorn\source\repos\ClearSkiesWebAPI\ClearSkiesWebAPI\app\main.js.map
C:\Users\bjorn\source\repos\ClearSkiesWebAPI\ClearSkiesWebAPI\app\StdSporsmaal.js
C:\Users\bjorn\source\repos\ClearSkiesWebAPI\ClearSkiesWebAPI\app\StdSporsmaal.js.map
C:\Users\bjorn\source\repos\ClearSkiesWebAPI\ClearSkiesWebAPI\app\StdSpmSide.js
C:\Users\bjorn\source\repos\ClearSkiesWebAPI\ClearSkiesWebAPI\app\StdSpmSide.js.map
C:\Users\bjorn\source\repos\ClearSkiesWebAPI\ClearSkiesWebAPI\app\app.module.js
C:\Users\bjorn\source\repos\ClearSkiesWebAPI\ClearSkiesWebAPI\app\app.module.js.map
C:\Users\bjorn\source\repos\ClearSkiesWebAPI\ClearSkiesWebAPI\app\main.js
C:\Users\bjorn\source\repos\ClearSkiesWebAPI\ClearSkiesWebAPI\app\main.js.map
C:\Users\bjorn\source\repos\ClearSkiesWebAPI\ClearSkiesWebAPI\app\StdSporsmaal.js
C:\Users\bjorn\source\repos\ClearSkiesWebAPI\ClearSkiesWebAPI\app\StdSporsmaal.js.map
C:\Users\bjorn\source\repos\ClearSkiesWebAPI\ClearSkiesWebAPI\app\StdSpmSide.js
C:\Users\bjorn\source\repos\ClearSkiesWebAPI\ClearSkiesWebAPI\app\StdSpmSide.js.map
C:\Users\bjorn\source\repos\ClearSkiesWebAPI\ClearSkiesWebAPI\app\app.module.js
C:\Users\bjorn\source\repos\ClearSkiesWebAPI\ClearSkiesWebAPI\app\app.module.js.map
C:\Users\bjorn\source\repos\ClearSkiesWebAPI\ClearSkiesWebAPI\app\main.js
C:\Users\bjorn\source\repos\ClearSkiesWebAPI\ClearSkiesWebAPI\app\main.js.map
C:\Users\bjorn\source\repos\ClearSkiesWebAPI\ClearSkiesWebAPI\app\StdSporsmaal.js
C:\Users\bjorn\source\repos\ClearSkiesWebAPI\ClearSkiesWebAPI\app\StdSporsmaal.js.map
C:\Users\bjorn\source\repos\ClearSkiesWebAPI\ClearSkiesWebAPI\app\StdSpmSide.js
C:\Users\bjorn\source\repos\ClearSkiesWebAPI\ClearSkiesWebAPI\app\StdSpmSide.js.map
C:\Users\bjorn\source\repos\ClearSkiesWebAPI\ClearSkiesWebAPI\app\app.module.js
C:\Users\bjorn\source\repos\ClearSkiesWebAPI\ClearSkiesWebAPI\app\app.module.js.map
C:\Users\bjorn\source\repos\ClearSkiesWebAPI\ClearSkiesWebAPI\app\main.js
C:\Users\bjorn\source\repos\ClearSkiesWebAPI\ClearSkiesWebAPI\app\main.js.map
C:\Users\bjorn\source\repos\ClearSkiesWebAPI\ClearSkiesWebAPI\app\StdSporsmaal.js
C:\Users\bjorn\source\repos\ClearSkiesWebAPI\ClearSkiesWebAPI\app\StdSporsmaal.js.map
C:\Users\bjorn\source\repos\ClearSkiesWebAPI\ClearSkiesWebAPI\app\StdSpmSide.js
C:\Users\bjorn\source\repos\ClearSkiesWebAPI\ClearSkiesWebAPI\app\StdSpmSide.js.map
C:\Users\bjorn\source\repos\ClearSkiesWebAPI\ClearSkiesWebAPI\app\app.module.js
C:\Users\bjorn\source\repos\ClearSkiesWebAPI\ClearSkiesWebAPI\app\app.module.js.map
C:\Users\bjorn\source\repos\ClearSkiesWebAPI\ClearSkiesWebAPI\app\main.js
C:\Users\bjorn\source\repos\ClearSkiesWebAPI\ClearSkiesWebAPI\app\main.js.map
C:\Users\bjorn\source\repos\ClearSkiesWebAPI\ClearSkiesWebAPI\app\StdSporsmaal.js
C:\Users\bjorn\source\repos\ClearSkiesWebAPI\ClearSkiesWebAPI\app\StdSporsmaal.js.map
C:\Users\bjorn\source\repos\ClearSkiesWebAPI\ClearSkiesWebAPI\app\StdSpmSide.js
C:\Users\bjorn\source\repos\ClearSkiesWebAPI\ClearSkiesWebAPI\app\StdSpmSide.js.map
C:\Users\bjorn\source\repos\ClearSkiesWebAPI\ClearSkiesWebAPI\app\app.module.js
C:\Users\bjorn\source\repos\ClearSkiesWebAPI\ClearSkiesWebAPI\app\app.module.js.map
C:\Users\bjorn\source\repos\ClearSkiesWebAPI\ClearSkiesWebAPI\app\main.js
C:\Users\bjorn\source\repos\ClearSkiesWebAPI\ClearSkiesWebAPI\app\main.js.map
C:\Users\bjorn\source\repos\ClearSkiesWebAPI\ClearSkiesWebAPI\app\StdSporsmaal.js
C:\Users\bjorn\source\repos\ClearSkiesWebAPI\ClearSkiesWebAPI\app\StdSporsmaal.js.map
C:\Users\bjorn\source\repos\ClearSkiesWebAPI\ClearSkiesWebAPI\app\StdSpmSide.js
C:\Users\bjorn\source\repos\ClearSkiesWebAPI\ClearSkiesWebAPI\app\StdSpmSide.js.map
C:\Users\bjorn\source\repos\ClearSkiesWebAPI\ClearSkiesWebAPI\app\app.module.js
C:\Users\bjorn\source\repos\ClearSkiesWebAPI\ClearSkiesWebAPI\app\app.module.js.map
C:\Users\bjorn\source\repos\ClearSkiesWebAPI\ClearSkiesWebAPI\app\main.js
C:\Users\bjorn\source\repos\ClearSkiesWebAPI\ClearSkiesWebAPI\app\main.js.map
C:\Users\bjorn\source\repos\ClearSkiesWebAPI\ClearSkiesWebAPI\app\StdSporsmaal.js
C:\Users\bjorn\source\repos\ClearSkiesWebAPI\ClearSkiesWebAPI\app\StdSporsmaal.js.map
C:\Users\bjorn\source\repos\ClearSkiesWebAPI\ClearSkiesWebAPI\app\StdSpmSide.js
C:\Users\bjorn\source\repos\ClearSkiesWebAPI\ClearSkiesWebAPI\app\StdSpmSide.js.map
C:\Users\bjorn\source\repos\ClearSkiesWebAPI\ClearSkiesWebAPI\app\app.module.js
C:\Users\bjorn\source\repos\ClearSkiesWebAPI\ClearSkiesWebAPI\app\app.module.js.map
C:\Users\bjorn\source\repos\ClearSkiesWebAPI\ClearSkiesWebAPI\app\main.js
C:\Users\bjorn\source\repos\ClearSkiesWebAPI\ClearSkiesWebAPI\app\main.js.map
C:\Users\bjorn\source\repos\ClearSkiesWebAPI\ClearSkiesWebAPI\app\StdSporsmaal.js
C:\Users\bjorn\source\repos\ClearSkiesWebAPI\ClearSkiesWebAPI\app\StdSporsmaal.js.map
C:\Users\bjorn\source\repos\ClearSkiesWebAPI\ClearSkiesWebAPI\app\StdSpmSide.js
C:\Users\bjorn\source\repos\ClearSkiesWebAPI\ClearSkiesWebAPI\app\StdSpmSide.js.map
C:\Users\bjorn\source\repos\ClearSkiesWebAPI\ClearSkiesWebAPI\app\app.module.js
C:\Users\bjorn\source\repos\ClearSkiesWebAPI\ClearSkiesWebAPI\app\app.module.js.map
C:\Users\bjorn\source\repos\ClearSkiesWebAPI\ClearSkiesWebAPI\app\main.js
C:\Users\bjorn\source\repos\ClearSkiesWebAPI\ClearSkiesWebAPI\app\main.js.map
C:\Users\bjorn\source\repos\ClearSkiesWebAPI\ClearSkiesWebAPI\app\StdSporsmaal.js
C:\Users\bjorn\source\repos\ClearSkiesWebAPI\ClearSkiesWebAPI\app\StdSporsmaal.js.map
C:\Users\bjorn\source\repos\ClearSkiesWebAPI\ClearSkiesWebAPI\app\StdSpmSide.js
C:\Users\bjorn\source\repos\ClearSkiesWebAPI\ClearSkiesWebAPI\app\StdSpmSide.js.map
C:\Users\bjorn\source\repos\ClearSkiesWebAPI\ClearSkiesWebAPI\app\app.module.js
C:\Users\bjorn\source\repos\ClearSkiesWebAPI\ClearSkiesWebAPI\app\app.module.js.map
C:\Users\bjorn\source\repos\ClearSkiesWebAPI\ClearSkiesWebAPI\app\main.js
C:\Users\bjorn\source\repos\ClearSkiesWebAPI\ClearSkiesWebAPI\app\main.js.map
C:\Users\bjorn\source\repos\ClearSkiesWebAPI\ClearSkiesWebAPI\app\StdSporsmaal.js
C:\Users\bjorn\source\repos\ClearSkiesWebAPI\ClearSkiesWebAPI\app\StdSporsmaal.js.map
C:\Users\bjorn\source\repos\ClearSkiesWebAPI\ClearSkiesWebAPI\app\StdSpmSide.js
C:\Users\bjorn\source\repos\ClearSkiesWebAPI\ClearSkiesWebAPI\app\StdSpmSide.js.map
C:\Users\bjorn\source\repos\ClearSkiesWebAPI\ClearSkiesWebAPI\app\app.module.js
C:\Users\bjorn\source\repos\ClearSkiesWebAPI\ClearSkiesWebAPI\app\app.module.js.map
C:\Users\bjorn\source\repos\ClearSkiesWebAPI\ClearSkiesWebAPI\app\main.js
C:\Users\bjorn\source\repos\ClearSkiesWebAPI\ClearSkiesWebAPI\app\main.js.map
C:\Users\bjorn\source\repos\ClearSkiesWebAPI\ClearSkiesWebAPI\app\StdSporsmaal.js
C:\Users\bjorn\source\repos\ClearSkiesWebAPI\ClearSkiesWebAPI\app\StdSporsmaal.js.map
C:\Users\bjorn\source\repos\ClearSkiesWebAPI\ClearSkiesWebAPI\app\StdSpmSide.js
C:\Users\bjorn\source\repos\ClearSkiesWebAPI\ClearSkiesWebAPI\app\StdSpmSide.js.map
C:\Users\bjorn\source\repos\ClearSkiesWebAPI\ClearSkiesWebAPI\app\app.module.js
C:\Users\bjorn\source\repos\ClearSkiesWebAPI\ClearSkiesWebAPI\app\app.module.js.map
C:\Users\bjorn\source\repos\ClearSkiesWebAPI\ClearSkiesWebAPI\app\main.js
C:\Users\bjorn\source\repos\ClearSkiesWebAPI\ClearSkiesWebAPI\app\main.js.map
C:\Users\bjorn\source\repos\ClearSkiesWebAPI\ClearSkiesWebAPI\app\StdSporsmaal.js
C:\Users\bjorn\source\repos\ClearSkiesWebAPI\ClearSkiesWebAPI\app\StdSporsmaal.js.map
C:\Users\bjorn\source\repos\ClearSkiesWebAPI\ClearSkiesWebAPI\app\StdSpmSide.js
C:\Users\bjorn\source\repos\ClearSkiesWebAPI\ClearSkiesWebAPI\app\StdSpmSide.js.map
C:\Users\bjorn\source\repos\ClearSkiesWebAPI\ClearSkiesWebAPI\app\app.module.js
C:\Users\bjorn\source\repos\ClearSkiesWebAPI\ClearSkiesWebAPI\app\app.module.js.map
C:\Users\bjorn\source\repos\ClearSkiesWebAPI\ClearSkiesWebAPI\app\main.js
C:\Users\bjorn\source\repos\ClearSkiesWebAPI\ClearSkiesWebAPI\app\main.js.map
C:\Users\bjorn\source\repos\ClearSkiesWebAPI\ClearSkiesWebAPI\app\StdSporsmaal.js
C:\Users\bjorn\source\repos\ClearSkiesWebAPI\ClearSkiesWebAPI\app\StdSporsmaal.js.map
C:\Users\bjorn\source\repos\ClearSkiesWebAPI\ClearSkiesWebAPI\app\StdSpmSide.js
C:\Users\bjorn\source\repos\ClearSkiesWebAPI\ClearSkiesWebAPI\app\StdSpmSide.js.map
C:\Users\bjorn\source\repos\ClearSkiesWebAPI\ClearSkiesWebAPI\app\app.module.js
C:\Users\bjorn\source\repos\ClearSkiesWebAPI\ClearSkiesWebAPI\app\app.module.js.map
C:\Users\bjorn\source\repos\ClearSkiesWebAPI\ClearSkiesWebAPI\app\main.js
C:\Users\bjorn\source\repos\ClearSkiesWebAPI\ClearSkiesWebAPI\app\main.js.map
C:\Users\bjorn\source\repos\ClearSkiesWebAPI\ClearSkiesWebAPI\app\StdSporsmaal.js
C:\Users\bjorn\source\repos\ClearSkiesWebAPI\ClearSkiesWebAPI\app\StdSporsmaal.js.map
C:\Users\bjorn\source\repos\ClearSkiesWebAPI\ClearSkiesWebAPI\app\StdSpmSide.js
C:\Users\bjorn\source\repos\ClearSkiesWebAPI\ClearSkiesWebAPI\app\StdSpmSide.js.map
C:\Users\bjorn\source\repos\ClearSkiesWebAPI\ClearSkiesWebAPI\app\app.module.js
C:\Users\bjorn\source\repos\ClearSkiesWebAPI\ClearSkiesWebAPI\app\app.module.js.map
C:\Users\bjorn\source\repos\ClearSkiesWebAPI\ClearSkiesWebAPI\app\main.js
C:\Users\bjorn\source\repos\ClearSkiesWebAPI\ClearSkiesWebAPI\app\main.js.map
C:\Users\bjorn\source\repos\ClearSkiesWebAPI\ClearSkiesWebAPI\app\StdSporsmaal.js
C:\Users\bjorn\source\repos\ClearSkiesWebAPI\ClearSkiesWebAPI\app\StdSporsmaal.js.map
C:\Users\bjorn\source\repos\ClearSkiesWebAPI\ClearSkiesWebAPI\app\StdSpmSide.js
C:\Users\bjorn\source\repos\ClearSkiesWebAPI\ClearSkiesWebAPI\app\StdSpmSide.js.map
C:\Users\bjorn\source\repos\ClearSkiesWebAPI\ClearSkiesWebAPI\app\app.module.js
C:\Users\bjorn\source\repos\ClearSkiesWebAPI\ClearSkiesWebAPI\app\app.module.js.map
C:\Users\bjorn\source\repos\ClearSkiesWebAPI\ClearSkiesWebAPI\app\main.js
C:\Users\bjorn\source\repos\ClearSkiesWebAPI\ClearSkiesWebAPI\app\main.js.map
C:\Users\bjorn\source\repos\ClearSkiesWebAPI\ClearSkiesWebAPI\app\StdSporsmaal.js
C:\Users\bjorn\source\repos\ClearSkiesWebAPI\ClearSkiesWebAPI\app\StdSporsmaal.js.map
C:\Users\bjorn\source\repos\ClearSkiesWebAPI\ClearSkiesWebAPI\app\StdSpmSide.js
C:\Users\bjorn\source\repos\ClearSkiesWebAPI\ClearSkiesWebAPI\app\StdSpmSide.js.map
C:\Users\bjorn\source\repos\ClearSkiesWebAPI\ClearSkiesWebAPI\app\app.module.js
C:\Users\bjorn\source\repos\ClearSkiesWebAPI\ClearSkiesWebAPI\app\app.module.js.map
C:\Users\bjorn\source\repos\ClearSkiesWebAPI\ClearSkiesWebAPI\app\main.js
C:\Users\bjorn\source\repos\ClearSkiesWebAPI\ClearSkiesWebAPI\app\main.js.map
C:\Users\bjorn\source\repos\ClearSkiesWebAPI\ClearSkiesWebAPI\app\StdSporsmaal.js
C:\Users\bjorn\source\repos\ClearSkiesWebAPI\ClearSkiesWebAPI\app\StdSporsmaal.js.map
C:\Users\bjorn\source\repos\ClearSkiesWebAPI\ClearSkiesWebAPI\app\StdSpmSide.js
C:\Users\bjorn\source\repos\ClearSkiesWebAPI\ClearSkiesWebAPI\app\StdSpmSide.js.map
C:\Users\bjorn\source\repos\ClearSkiesWebAPI\ClearSkiesWebAPI\app\app.module.js
C:\Users\bjorn\source\repos\ClearSkiesWebAPI\ClearSkiesWebAPI\app\app.module.js.map
C:\Users\bjorn\source\repos\ClearSkiesWebAPI\ClearSkiesWebAPI\app\main.js
C:\Users\bjorn\source\repos\ClearSkiesWebAPI\ClearSkiesWebAPI\app\main.js.map
C:\Users\bjorn\source\repos\ClearSkiesWebAPI\ClearSkiesWebAPI\app\StdSporsmaal.js
C:\Users\bjorn\source\repos\ClearSkiesWebAPI\ClearSkiesWebAPI\app\StdSporsmaal.js.map
C:\Users\bjorn\source\repos\ClearSkiesWebAPI\ClearSkiesWebAPI\app\StdSpmSide.js
C:\Users\bjorn\source\repos\ClearSkiesWebAPI\ClearSkiesWebAPI\app\StdSpmSide.js.map
C:\Users\bjorn\source\repos\ClearSkiesWebAPI\ClearSkiesWebAPI\app\app.module.js
C:\Users\bjorn\source\repos\ClearSkiesWebAPI\ClearSkiesWebAPI\app\app.module.js.map
C:\Users\bjorn\source\repos\ClearSkiesWebAPI\ClearSkiesWebAPI\app\main.js
C:\Users\bjorn\source\repos\ClearSkiesWebAPI\ClearSkiesWebAPI\app\main.js.map
C:\Users\bjorn\source\repos\ClearSkiesWebAPI\ClearSkiesWebAPI\app\StdSporsmaal.js
C:\Users\bjorn\source\repos\ClearSkiesWebAPI\ClearSkiesWebAPI\app\StdSporsmaal.js.map
C:\Users\bjorn\source\repos\ClearSkiesWebAPI\ClearSkiesWebAPI\app\StdSpmSide.js
C:\Users\bjorn\source\repos\ClearSkiesWebAPI\ClearSkiesWebAPI\app\StdSpmSide.js.map
C:\Users\bjorn\source\repos\ClearSkiesWebAPI\ClearSkiesWebAPI\app\app.module.js
C:\Users\bjorn\source\repos\ClearSkiesWebAPI\ClearSkiesWebAPI\app\app.module.js.map
C:\Users\bjorn\source\repos\ClearSkiesWebAPI\ClearSkiesWebAPI\app\main.js
C:\Users\bjorn\source\repos\ClearSkiesWebAPI\ClearSkiesWebAPI\app\main.js.map
C:\Users\bjorn\source\repos\ClearSkiesWebAPI\ClearSkiesWebAPI\app\StdSporsmaal.js
C:\Users\bjorn\source\repos\ClearSkiesWebAPI\ClearSkiesWebAPI\app\StdSporsmaal.js.map
C:\Users\bjorn\source\repos\ClearSkiesWebAPI\ClearSkiesWebAPI\app\StdSpmSide.js
C:\Users\bjorn\source\repos\ClearSkiesWebAPI\ClearSkiesWebAPI\app\StdSpmSide.js.map
C:\Users\bjorn\source\repos\ClearSkiesWebAPI\ClearSkiesWebAPI\app\app.module.js
C:\Users\bjorn\source\repos\ClearSkiesWebAPI\ClearSkiesWebAPI\app\app.module.js.map
C:\Users\bjorn\source\repos\ClearSkiesWebAPI\ClearSkiesWebAPI\app\main.js
C:\Users\bjorn\source\repos\ClearSkiesWebAPI\ClearSkiesWebAPI\app\main.js.map
C:\Users\bjorn\source\repos\ClearSkiesWebAPI\ClearSkiesWebAPI\app\StdSporsmaal.js
C:\Users\bjorn\source\repos\ClearSkiesWebAPI\ClearSkiesWebAPI\app\StdSporsmaal.js.map
C:\Users\bjorn\source\repos\ClearSkiesWebAPI\ClearSkiesWebAPI\app\StdSpmSide.js
C:\Users\bjorn\source\repos\ClearSkiesWebAPI\ClearSkiesWebAPI\app\StdSpmSide.js.map
C:\Users\bjorn\source\repos\ClearSkiesWebAPI\ClearSkiesWebAPI\app\app.module.js
C:\Users\bjorn\source\repos\ClearSkiesWebAPI\ClearSkiesWebAPI\app\app.module.js.map
C:\Users\bjorn\source\repos\ClearSkiesWebAPI\ClearSkiesWebAPI\app\main.js
C:\Users\bjorn\source\repos\ClearSkiesWebAPI\ClearSkiesWebAPI\app\main.js.map
C:\Users\bjorn\source\repos\ClearSkiesWebAPI\ClearSkiesWebAPI\app\StdSporsmaal.js
C:\Users\bjorn\source\repos\ClearSkiesWebAPI\ClearSkiesWebAPI\app\StdSporsmaal.js.map
C:\Users\bjorn\source\repos\ClearSkiesWebAPI\ClearSkiesWebAPI\app\StdSpmSide.js
C:\Users\bjorn\source\repos\ClearSkiesWebAPI\ClearSkiesWebAPI\app\StdSpmSide.js.map
C:\Users\bjorn\source\repos\ClearSkiesWebAPI\ClearSkiesWebAPI\app\app.module.js
C:\Users\bjorn\source\repos\ClearSkiesWebAPI\ClearSkiesWebAPI\app\app.module.js.map
C:\Users\bjorn\source\repos\ClearSkiesWebAPI\ClearSkiesWebAPI\app\main.js
C:\Users\bjorn\source\repos\ClearSkiesWebAPI\ClearSkiesWebAPI\app\main.js.map
C:\Users\bjorn\source\repos\ClearSkiesWebAPI\ClearSkiesWebAPI\app\StdSporsmaal.js
C:\Users\bjorn\source\repos\ClearSkiesWebAPI\ClearSkiesWebAPI\app\StdSporsmaal.js.map
C:\Users\bjorn\source\repos\ClearSkiesWebAPI\ClearSkiesWebAPI\app\StdSpmSide.js
C:\Users\bjorn\source\repos\ClearSkiesWebAPI\ClearSkiesWebAPI\app\StdSpmSide.js.map
C:\Users\bjorn\source\repos\ClearSkiesWebAPI\ClearSkiesWebAPI\app\app.module.js
C:\Users\bjorn\source\repos\ClearSkiesWebAPI\ClearSkiesWebAPI\app\app.module.js.map
C:\Users\bjorn\source\repos\ClearSkiesWebAPI\ClearSkiesWebAPI\app\main.js
C:\Users\bjorn\source\repos\ClearSkiesWebAPI\ClearSkiesWebAPI\app\main.js.map
C:\Users\bjorn\source\repos\ClearSkiesWebAPI\ClearSkiesWebAPI\app\StdSporsmaal.js
C:\Users\bjorn\source\repos\ClearSkiesWebAPI\ClearSkiesWebAPI\app\StdSporsmaal.js.map
C:\Users\bjorn\source\repos\ClearSkiesWebAPI\ClearSkiesWebAPI\app\StdSpmSide.js
C:\Users\bjorn\source\repos\ClearSkiesWebAPI\ClearSkiesWebAPI\app\StdSpmSide.js.map
C:\Users\bjorn\source\repos\ClearSkiesWebAPI\ClearSkiesWebAPI\app\app.module.js
C:\Users\bjorn\source\repos\ClearSkiesWebAPI\ClearSkiesWebAPI\app\app.module.js.map
C:\Users\bjorn\source\repos\ClearSkiesWebAPI\ClearSkiesWebAPI\app\main.js
C:\Users\bjorn\source\repos\ClearSkiesWebAPI\ClearSkiesWebAPI\app\main.js.map
C:\Users\bjorn\source\repos\ClearSkiesWebAPI\ClearSkiesWebAPI\app\StdSporsmaal.js
C:\Users\bjorn\source\repos\ClearSkiesWebAPI\ClearSkiesWebAPI\app\StdSporsmaal.js.map
C:\Users\bjorn\source\repos\ClearSkiesWebAPI\ClearSkiesWebAPI\app\StdSpmSide.js
C:\Users\bjorn\source\repos\ClearSkiesWebAPI\ClearSkiesWebAPI\app\StdSpmSide.js.map
C:\Users\bjorn\source\repos\ClearSkiesWebAPI\ClearSkiesWebAPI\app\app.module.js
C:\Users\bjorn\source\repos\ClearSkiesWebAPI\ClearSkiesWebAPI\app\app.module.js.map
C:\Users\bjorn\source\repos\ClearSkiesWebAPI\ClearSkiesWebAPI\app\main.js
C:\Users\bjorn\source\repos\ClearSkiesWebAPI\ClearSkiesWebAPI\app\main.js.map
C:\Users\bjorn\source\repos\ClearSkiesWebAPI\ClearSkiesWebAPI\app\StdSporsmaal.js
C:\Users\bjorn\source\repos\ClearSkiesWebAPI\ClearSkiesWebAPI\app\StdSporsmaal.js.map
C:\Users\bjorn\source\repos\ClearSkiesWebAPI\ClearSkiesWebAPI\app\StdSpmSide.js
C:\Users\bjorn\source\repos\ClearSkiesWebAPI\ClearSkiesWebAPI\app\StdSpmSide.js.map
C:\Users\bjorn\source\repos\ClearSkiesWebAPI\ClearSkiesWebAPI\app\app.module.js
C:\Users\bjorn\source\repos\ClearSkiesWebAPI\ClearSkiesWebAPI\app\app.module.js.map
C:\Users\bjorn\source\repos\ClearSkiesWebAPI\ClearSkiesWebAPI\app\main.js
C:\Users\bjorn\source\repos\ClearSkiesWebAPI\ClearSkiesWebAPI\app\main.js.map
C:\Users\bjorn\source\repos\ClearSkiesWebAPI\ClearSkiesWebAPI\app\StdSporsmaal.js
C:\Users\bjorn\source\repos\ClearSkiesWebAPI\ClearSkiesWebAPI\app\StdSporsmaal.js.map
C:\Users\bjorn\source\repos\ClearSkiesWebAPI\ClearSkiesWebAPI\app\StdSpmSide.js
C:\Users\bjorn\source\repos\ClearSkiesWebAPI\ClearSkiesWebAPI\app\StdSpmSide.js.map
C:\Users\bjorn\source\repos\ClearSkiesWebAPI\ClearSkiesWebAPI\app\app.module.js
C:\Users\bjorn\source\repos\ClearSkiesWebAPI\ClearSkiesWebAPI\app\app.module.js.map
C:\Users\bjorn\source\repos\ClearSkiesWebAPI\ClearSkiesWebAPI\app\main.js
C:\Users\bjorn\source\repos\ClearSkiesWebAPI\ClearSkiesWebAPI\app\main.js.map
C:\Users\bjorn\source\repos\ClearSkiesWebAPI\ClearSkiesWebAPI\app\StdSporsmaal.js
C:\Users\bjorn\source\repos\ClearSkiesWebAPI\ClearSkiesWebAPI\app\StdSporsmaal.js.map
C:\Users\bjorn\source\repos\ClearSkiesWebAPI\ClearSkiesWebAPI\app\StdSpmSide.js
C:\Users\bjorn\source\repos\ClearSkiesWebAPI\ClearSkiesWebAPI\app\StdSpmSide.js.map
C:\Users\bjorn\source\repos\ClearSkiesWebAPI\ClearSkiesWebAPI\app\app.module.js
C:\Users\bjorn\source\repos\ClearSkiesWebAPI\ClearSkiesWebAPI\app\app.module.js.map
C:\Users\bjorn\source\repos\ClearSkiesWebAPI\ClearSkiesWebAPI\app\main.js
C:\Users\bjorn\source\repos\ClearSkiesWebAPI\ClearSkiesWebAPI\app\main.js.map
C:\Users\bjorn\source\repos\ClearSkiesWebAPI\ClearSkiesWebAPI\app\StdSporsmaal.js
C:\Users\bjorn\source\repos\ClearSkiesWebAPI\ClearSkiesWebAPI\app\StdSporsmaal.js.map
C:\Users\bjorn\source\repos\ClearSkiesWebAPI\ClearSkiesWebAPI\app\StdSpmSide.js
C:\Users\bjorn\source\repos\ClearSkiesWebAPI\ClearSkiesWebAPI\app\StdSpmSide.js.map
C:\Users\bjorn\source\repos\ClearSkiesWebAPI\ClearSkiesWebAPI\app\app.module.js
C:\Users\bjorn\source\repos\ClearSkiesWebAPI\ClearSkiesWebAPI\app\app.module.js.map
C:\Users\bjorn\source\repos\ClearSkiesWebAPI\ClearSkiesWebAPI\app\main.js
C:\Users\bjorn\source\repos\ClearSkiesWebAPI\ClearSkiesWebAPI\app\main.js.map
C:\Users\bjorn\source\repos\ClearSkiesWebAPI\ClearSkiesWebAPI\app\StdSporsmaal.js
C:\Users\bjorn\source\repos\ClearSkiesWebAPI\ClearSkiesWebAPI\app\StdSporsmaal.js.map
C:\Users\bjorn\source\repos\ClearSkiesWebAPI\ClearSkiesWebAPI\app\StdSpmSide.js
C:\Users\bjorn\source\repos\ClearSkiesWebAPI\ClearSkiesWebAPI\app\StdSpmSide.js.map
C:\Users\bjorn\source\repos\ClearSkiesWebAPI\ClearSkiesWebAPI\app\app.module.js
C:\Users\bjorn\source\repos\ClearSkiesWebAPI\ClearSkiesWebAPI\app\app.module.js.map
C:\Users\bjorn\source\repos\ClearSkiesWebAPI\ClearSkiesWebAPI\app\main.js
C:\Users\bjorn\source\repos\ClearSkiesWebAPI\ClearSkiesWebAPI\app\main.js.map
C:\Users\bjorn\source\repos\ClearSkiesWebAPI\ClearSkiesWebAPI\app\StdSporsmaal.js
C:\Users\bjorn\source\repos\ClearSkiesWebAPI\ClearSkiesWebAPI\app\StdSporsmaal.js.map
C:\Users\bjorn\source\repos\ClearSkiesWebAPI\ClearSkiesWebAPI\app\StdSpmSide.js
C:\Users\bjorn\source\repos\ClearSkiesWebAPI\ClearSkiesWebAPI\app\StdSpmSide.js.map
C:\Users\bjorn\source\repos\ClearSkiesWebAPI\ClearSkiesWebAPI\app\app.module.js
C:\Users\bjorn\source\repos\ClearSkiesWebAPI\ClearSkiesWebAPI\app\app.module.js.map
C:\Users\bjorn\source\repos\ClearSkiesWebAPI\ClearSkiesWebAPI\app\main.js
C:\Users\bjorn\source\repos\ClearSkiesWebAPI\ClearSkiesWebAPI\app\main.js.map
C:\Users\bjorn\source\repos\ClearSkiesWebAPI\ClearSkiesWebAPI\app\StdSporsmaal.js
C:\Users\bjorn\source\repos\ClearSkiesWebAPI\ClearSkiesWebAPI\app\StdSporsmaal.js.map
C:\Users\bjorn\source\repos\ClearSkiesWebAPI\ClearSkiesWebAPI\app\StdSpmSide.js
C:\Users\bjorn\source\repos\ClearSkiesWebAPI\ClearSkiesWebAPI\app\StdSpmSide.js.map
C:\Users\bjorn\source\repos\ClearSkiesWebAPI\ClearSkiesWebAPI\app\app.module.js
C:\Users\bjorn\source\repos\ClearSkiesWebAPI\ClearSkiesWebAPI\app\app.module.js.map
C:\Users\bjorn\source\repos\ClearSkiesWebAPI\ClearSkiesWebAPI\app\main.js
C:\Users\bjorn\source\repos\ClearSkiesWebAPI\ClearSkiesWebAPI\app\main.js.map
C:\Users\bjorn\source\repos\ClearSkiesWebAPI\ClearSkiesWebAPI\app\StdSporsmaal.js
C:\Users\bjorn\source\repos\ClearSkiesWebAPI\ClearSkiesWebAPI\app\StdSporsmaal.js.map
C:\Users\bjorn\source\repos\ClearSkiesWebAPI\ClearSkiesWebAPI\app\StdSpmSide.js
C:\Users\bjorn\source\repos\ClearSkiesWebAPI\ClearSkiesWebAPI\app\StdSpmSide.js.map
C:\Users\bjorn\source\repos\ClearSkiesWebAPI\ClearSkiesWebAPI\app\app.module.js
C:\Users\bjorn\source\repos\ClearSkiesWebAPI\ClearSkiesWebAPI\app\app.module.js.map
C:\Users\bjorn\source\repos\ClearSkiesWebAPI\ClearSkiesWebAPI\app\main.js
C:\Users\bjorn\source\repos\ClearSkiesWebAPI\ClearSkiesWebAPI\app\main.js.map
C:\Users\bjorn\source\repos\ClearSkiesWebAPI\ClearSkiesWebAPI\app\StdSporsmaal.js
C:\Users\bjorn\source\repos\ClearSkiesWebAPI\ClearSkiesWebAPI\app\StdSporsmaal.js.map
C:\Users\bjorn\source\repos\ClearSkiesWebAPI\ClearSkiesWebAPI\app\StdSpmSide.js
C:\Users\bjorn\source\repos\ClearSkiesWebAPI\ClearSkiesWebAPI\app\StdSpmSide.js.map
C:\Users\bjorn\source\repos\ClearSkiesWebAPI\ClearSkiesWebAPI\app\app.module.js
C:\Users\bjorn\source\repos\ClearSkiesWebAPI\ClearSkiesWebAPI\app\app.module.js.map
C:\Users\bjorn\source\repos\ClearSkiesWebAPI\ClearSkiesWebAPI\app\main.js
C:\Users\bjorn\source\repos\ClearSkiesWebAPI\ClearSkiesWebAPI\app\main.js.map
C:\Users\bjorn\source\repos\ClearSkiesWebAPI\ClearSkiesWebAPI\app\StdSporsmaal.js
C:\Users\bjorn\source\repos\ClearSkiesWebAPI\ClearSkiesWebAPI\app\StdSporsmaal.js.map
C:\Users\bjorn\source\repos\ClearSkiesWebAPI\ClearSkiesWebAPI\app\StdSpmSide.js
C:\Users\bjorn\source\repos\ClearSkiesWebAPI\ClearSkiesWebAPI\app\StdSpmSide.js.map
C:\Users\bjorn\source\repos\ClearSkiesWebAPI\ClearSkiesWebAPI\app\app.module.js
C:\Users\bjorn\source\repos\ClearSkiesWebAPI\ClearSkiesWebAPI\app\app.module.js.map
C:\Users\bjorn\source\repos\ClearSkiesWebAPI\ClearSkiesWebAPI\app\main.js
C:\Users\bjorn\source\repos\ClearSkiesWebAPI\ClearSkiesWebAPI\app\main.js.map
C:\Users\bjorn\source\repos\ClearSkiesWebAPI\ClearSkiesWebAPI\app\StdSporsmaal.js
C:\Users\bjorn\source\repos\ClearSkiesWebAPI\ClearSkiesWebAPI\app\StdSporsmaal.js.map
C:\Users\bjorn\source\repos\ClearSkiesWebAPI\ClearSkiesWebAPI\app\StdSpmSide.js
C:\Users\bjorn\source\repos\ClearSkiesWebAPI\ClearSkiesWebAPI\app\StdSpmSide.js.map
C:\Users\bjorn\source\repos\ClearSkiesWebAPI\ClearSkiesWebAPI\app\app.module.js
C:\Users\bjorn\source\repos\ClearSkiesWebAPI\ClearSkiesWebAPI\app\app.module.js.map
C:\Users\bjorn\source\repos\ClearSkiesWebAPI\ClearSkiesWebAPI\app\main.js
C:\Users\bjorn\source\repos\ClearSkiesWebAPI\ClearSkiesWebAPI\app\main.js.map
C:\Users\bjorn\source\repos\ClearSkiesWebAPI\ClearSkiesWebAPI\app\StdSporsmaal.js
C:\Users\bjorn\source\repos\ClearSkiesWebAPI\ClearSkiesWebAPI\app\StdSporsmaal.js.map
C:\Users\bjorn\source\repos\ClearSkiesWebAPI\ClearSkiesWebAPI\app\StdSpmSide.js
C:\Users\bjorn\source\repos\ClearSkiesWebAPI\ClearSkiesWebAPI\app\StdSpmSide.js.map
C:\Users\bjorn\source\repos\ClearSkiesWebAPI\ClearSkiesWebAPI\app\app.module.js
C:\Users\bjorn\source\repos\ClearSkiesWebAPI\ClearSkiesWebAPI\app\app.module.js.map
C:\Users\bjorn\source\repos\ClearSkiesWebAPI\ClearSkiesWebAPI\app\main.js
C:\Users\bjorn\source\repos\ClearSkiesWebAPI\ClearSkiesWebAPI\app\main.js.map
C:\Users\bjorn\source\repos\ClearSkiesWebAPI\ClearSkiesWebAPI\app\StdSporsmaal.js
C:\Users\bjorn\source\repos\ClearSkiesWebAPI\ClearSkiesWebAPI\app\StdSporsmaal.js.map
C:\Users\bjorn\source\repos\ClearSkiesWebAPI\ClearSkiesWebAPI\app\StdSpmSide.js
C:\Users\bjorn\source\repos\ClearSkiesWebAPI\ClearSkiesWebAPI\app\StdSpmSide.js.map
C:\Users\bjorn\source\repos\ClearSkiesWebAPI\ClearSkiesWebAPI\app\app.module.js
C:\Users\bjorn\source\repos\ClearSkiesWebAPI\ClearSkiesWebAPI\app\app.module.js.map
C:\Users\bjorn\source\repos\ClearSkiesWebAPI\ClearSkiesWebAPI\app\main.js
C:\Users\bjorn\source\repos\ClearSkiesWebAPI\ClearSkiesWebAPI\app\main.js.map
C:\Users\bjorn\source\repos\ClearSkiesWebAPI\ClearSkiesWebAPI\app\StdSporsmaal.js
C:\Users\bjorn\source\repos\ClearSkiesWebAPI\ClearSkiesWebAPI\app\StdSporsmaal.js.map
C:\Users\bjorn\source\repos\ClearSkiesWebAPI\ClearSkiesWebAPI\app\StdSpmSide.js
C:\Users\bjorn\source\repos\ClearSkiesWebAPI\ClearSkiesWebAPI\app\StdSpmSide.js.map
C:\Users\bjorn\source\repos\ClearSkiesWebAPI\ClearSkiesWebAPI\app\app.module.js
C:\Users\bjorn\source\repos\ClearSkiesWebAPI\ClearSkiesWebAPI\app\app.module.js.map
C:\Users\bjorn\source\repos\ClearSkiesWebAPI\ClearSkiesWebAPI\app\main.js
C:\Users\bjorn\source\repos\ClearSkiesWebAPI\ClearSkiesWebAPI\app\main.js.map
C:\Users\bjorn\source\repos\ClearSkiesWebAPI\ClearSkiesWebAPI\app\StdSporsmaal.js
C:\Users\bjorn\source\repos\ClearSkiesWebAPI\ClearSkiesWebAPI\app\StdSporsmaal.js.map
C:\Users\bjorn\source\repos\ClearSkiesWebAPI\ClearSkiesWebAPI\app\StdSpmSide.js
C:\Users\bjorn\source\repos\ClearSkiesWebAPI\ClearSkiesWebAPI\app\StdSpmSide.js.map
C:\Users\bjorn\source\repos\ClearSkiesWebAPI\ClearSkiesWebAPI\app\app.module.js
C:\Users\bjorn\source\repos\ClearSkiesWebAPI\ClearSkiesWebAPI\app\app.module.js.map
C:\Users\bjorn\source\repos\ClearSkiesWebAPI\ClearSkiesWebAPI\app\main.js
C:\Users\bjorn\source\repos\ClearSkiesWebAPI\ClearSkiesWebAPI\app\main.js.map
C:\Users\bjorn\source\repos\ClearSkiesWebAPI\ClearSkiesWebAPI\app\StdSporsmaal.js
C:\Users\bjorn\source\repos\ClearSkiesWebAPI\ClearSkiesWebAPI\app\StdSporsmaal.js.map
C:\Users\bjorn\source\repos\ClearSkiesWebAPI\ClearSkiesWebAPI\app\StdSpmSide.js
C:\Users\bjorn\source\repos\ClearSkiesWebAPI\ClearSkiesWebAPI\app\StdSpmSide.js.map
C:\Users\bjorn\source\repos\ClearSkiesWebAPI\ClearSkiesWebAPI\app\app.module.js
C:\Users\bjorn\source\repos\ClearSkiesWebAPI\ClearSkiesWebAPI\app\app.module.js.map
C:\Users\bjorn\source\repos\ClearSkiesWebAPI\ClearSkiesWebAPI\app\main.js
C:\Users\bjorn\source\repos\ClearSkiesWebAPI\ClearSkiesWebAPI\app\main.js.map
C:\Users\bjorn\source\repos\ClearSkiesWebAPI\ClearSkiesWebAPI\app\StdSporsmaal.js
C:\Users\bjorn\source\repos\ClearSkiesWebAPI\ClearSkiesWebAPI\app\StdSporsmaal.js.map
C:\Users\bjorn\source\repos\ClearSkiesWebAPI\ClearSkiesWebAPI\app\StdSpmSide.js
C:\Users\bjorn\source\repos\ClearSkiesWebAPI\ClearSkiesWebAPI\app\StdSpmSide.js.map
C:\Users\bjorn\source\repos\ClearSkiesWebAPI\ClearSkiesWebAPI\app\app.module.js
C:\Users\bjorn\source\repos\ClearSkiesWebAPI\ClearSkiesWebAPI\app\app.module.js.map
C:\Users\bjorn\source\repos\ClearSkiesWebAPI\ClearSkiesWebAPI\app\main.js
C:\Users\bjorn\source\repos\ClearSkiesWebAPI\ClearSkiesWebAPI\app\main.js.map
C:\Users\bjorn\source\repos\ClearSkiesWebAPI\ClearSkiesWebAPI\app\StdSporsmaal.js
C:\Users\bjorn\source\repos\ClearSkiesWebAPI\ClearSkiesWebAPI\app\StdSporsmaal.js.map
C:\Users\bjorn\source\repos\ClearSkiesWebAPI\ClearSkiesWebAPI\app\StdSpmSide.js
C:\Users\bjorn\source\repos\ClearSkiesWebAPI\ClearSkiesWebAPI\app\StdSpmSide.js.map
C:\Users\bjorn\source\repos\ClearSkiesWebAPI\ClearSkiesWebAPI\app\app.module.js
C:\Users\bjorn\source\repos\ClearSkiesWebAPI\ClearSkiesWebAPI\app\app.module.js.map
C:\Users\bjorn\source\repos\ClearSkiesWebAPI\ClearSkiesWebAPI\app\main.js
C:\Users\bjorn\source\repos\ClearSkiesWebAPI\ClearSkiesWebAPI\app\main.js.map
C:\Users\bjorn\source\repos\ClearSkiesWebAPI\ClearSkiesWebAPI\app\StdSporsmaal.js
C:\Users\bjorn\source\repos\ClearSkiesWebAPI\ClearSkiesWebAPI\app\StdSporsmaal.js.map
C:\Users\bjorn\source\repos\ClearSkiesWebAPI\ClearSkiesWebAPI\app\StdSpmSide.js
C:\Users\bjorn\source\repos\ClearSkiesWebAPI\ClearSkiesWebAPI\app\StdSpmSide.js.map
C:\Users\bjorn\source\repos\ClearSkiesWebAPI\ClearSkiesWebAPI\app\app.module.js
C:\Users\bjorn\source\repos\ClearSkiesWebAPI\ClearSkiesWebAPI\app\app.module.js.map
C:\Users\bjorn\source\repos\ClearSkiesWebAPI\ClearSkiesWebAPI\app\main.js
C:\Users\bjorn\source\repos\ClearSkiesWebAPI\ClearSkiesWebAPI\app\main.js.map
C:\Users\bjorn\source\repos\ClearSkiesWebAPI\ClearSkiesWebAPI\app\StdSporsmaal.js
C:\Users\bjorn\source\repos\ClearSkiesWebAPI\ClearSkiesWebAPI\app\StdSporsmaal.js.map
C:\Users\bjorn\source\repos\ClearSkiesWebAPI\ClearSkiesWebAPI\app\StdSpmSide.js
C:\Users\bjorn\source\repos\ClearSkiesWebAPI\ClearSkiesWebAPI\app\StdSpmSide.js.map
C:\Users\bjorn\source\repos\ClearSkiesWebAPI\ClearSkiesWebAPI\app\app.module.js
C:\Users\bjorn\source\repos\ClearSkiesWebAPI\ClearSkiesWebAPI\app\app.module.js.map
C:\Users\bjorn\source\repos\ClearSkiesWebAPI\ClearSkiesWebAPI\app\main.js
C:\Users\bjorn\source\repos\ClearSkiesWebAPI\ClearSkiesWebAPI\app\main.js.map
C:\Users\bjorn\source\repos\ClearSkiesWebAPI\ClearSkiesWebAPI\app\StdSporsmaal.js
C:\Users\bjorn\source\repos\ClearSkiesWebAPI\ClearSkiesWebAPI\app\StdSporsmaal.js.map
C:\Users\bjorn\source\repos\ClearSkiesWebAPI\ClearSkiesWebAPI\app\StdSpmSide.js
C:\Users\bjorn\source\repos\ClearSkiesWebAPI\ClearSkiesWebAPI\app\StdSpmSide.js.map
C:\Users\bjorn\source\repos\ClearSkiesWebAPI\ClearSkiesWebAPI\app\app.module.js
C:\Users\bjorn\source\repos\ClearSkiesWebAPI\ClearSkiesWebAPI\app\app.module.js.map
C:\Users\bjorn\source\repos\ClearSkiesWebAPI\ClearSkiesWebAPI\app\main.js
C:\Users\bjorn\source\repos\ClearSkiesWebAPI\ClearSkiesWebAPI\app\main.js.map
C:\Users\bjorn\source\repos\ClearSkiesWebAPI\ClearSkiesWebAPI\app\StdSporsmaal.js
C:\Users\bjorn\source\repos\ClearSkiesWebAPI\ClearSkiesWebAPI\app\StdSporsmaal.js.map
C:\Users\bjorn\source\repos\ClearSkiesWebAPI\ClearSkiesWebAPI\app\StdSpmSide.js
C:\Users\bjorn\source\repos\ClearSkiesWebAPI\ClearSkiesWebAPI\app\StdSpmSide.js.map
C:\Users\bjorn\source\repos\ClearSkiesWebAPI\ClearSkiesWebAPI\app\app.module.js
C:\Users\bjorn\source\repos\ClearSkiesWebAPI\ClearSkiesWebAPI\app\app.module.js.map
C:\Users\bjorn\source\repos\ClearSkiesWebAPI\ClearSkiesWebAPI\app\main.js
C:\Users\bjorn\source\repos\ClearSkiesWebAPI\ClearSkiesWebAPI\app\main.js.map
C:\Users\bjorn\source\repos\ClearSkiesWebAPI\ClearSkiesWebAPI\app\StdSporsmaal.js
C:\Users\bjorn\source\repos\ClearSkiesWebAPI\ClearSkiesWebAPI\app\StdSporsmaal.js.map
C:\Users\bjorn\source\repos\ClearSkiesWebAPI\ClearSkiesWebAPI\app\StdSpmSide.js
C:\Users\bjorn\source\repos\ClearSkiesWebAPI\ClearSkiesWebAPI\app\StdSpmSide.js.map
C:\Users\bjorn\source\repos\ClearSkiesWebAPI\ClearSkiesWebAPI\app\app.module.js
C:\Users\bjorn\source\repos\ClearSkiesWebAPI\ClearSkiesWebAPI\app\app.module.js.map
C:\Users\bjorn\source\repos\ClearSkiesWebAPI\ClearSkiesWebAPI\app\main.js
C:\Users\bjorn\source\repos\ClearSkiesWebAPI\ClearSkiesWebAPI\app\main.js.map
C:\Users\bjorn\source\repos\ClearSkiesWebAPI\ClearSkiesWebAPI\app\StdSporsmaal.js
C:\Users\bjorn\source\repos\ClearSkiesWebAPI\ClearSkiesWebAPI\app\StdSporsmaal.js.map
C:\Users\bjorn\source\repos\ClearSkiesWebAPI\ClearSkiesWebAPI\app\StdSpmSide.js
C:\Users\bjorn\source\repos\ClearSkiesWebAPI\ClearSkiesWebAPI\app\StdSpmSide.js.map
C:\Users\bjorn\source\repos\ClearSkiesWebAPI\ClearSkiesWebAPI\app\app.module.js
C:\Users\bjorn\source\repos\ClearSkiesWebAPI\ClearSkiesWebAPI\app\app.module.js.map
C:\Users\bjorn\source\repos\ClearSkiesWebAPI\ClearSkiesWebAPI\app\main.js
C:\Users\bjorn\source\repos\ClearSkiesWebAPI\ClearSkiesWebAPI\app\main.js.map
